File "btrees.ml", line 44, characters 28-648:
Warning 8: this pattern-matching is not exhaustive.
Here is an example of a value that is not matched:
Empty
File "btrees.ml", line 66, characters 28-648:
Warning 8: this pattern-matching is not exhaustive.
Here is an example of a value that is not matched:
Empty
File "btrees.ml", line 89, characters 26-113:
Warning 8: this pattern-matching is not exhaustive.
Here is an example of a value that is not matched:
Empty
File "btrees.ml", line 91, characters 26-114:
Warning 8: this pattern-matching is not exhaustive.
Here is an example of a value that is not matched:
Empty
File "btrees.ml", line 93, characters 23-186:
Warning 8: this pattern-matching is not exhaustive.
Here is an example of a value that is not matched:
(Empty, _)
File "../../data/hw2/btrees_tests.ml", line 142, characters 64-69:
Error: This expression has type int btree
       but an expression was expected of type 'a bstree
